This is pdfTeX, Version 3.141592653-2.6-1.40.25 (MiKTeX 23.4) (preloaded format=pdflatex 2023.9.6)  11 DEC 2024 00:52
entering extended mode
 restricted \write18 enabled.
 %&-line parsing enabled.
**./main.tex
(main.tex
LaTeX2e <2022-11-01> patch level 1
L3 programming layer <2023-03-30>
! Undefined control sequence.
l.1 \chapter
            {–ó–∞–¥–∞–Ω–∏–µ}
The control sequence at the end of the top line
of your error message was never \def'ed. If you have
misspelled it (e.g., `\hobx'), type `I' and the correct
spelling (e.g., `I\hbox'). Otherwise just continue,
and I'll forget about whatever was undefined.


! LaTeX Error: Unicode character –ó (U+0417)
               not set up for use with LaTeX.

See the LaTeX manual or LaTeX Companion for explanation.
Type  H <return>  for immediate help.
 ...                                              
                                                  
l.1 \chapter{–ó
               –∞–¥–∞–Ω–∏–µ}
You may provide a definition with
\DeclareUnicodeCharacter 


! LaTeX Error: Unicode character –∞ (U+0430)
               not set up for use with LaTeX.

See the LaTeX manual or LaTeX Companion for explanation.
Type  H <return>  for immediate help.
 ...                                              
                                                  
l.1 \chapter{–ó–∞
                 –¥–∞–Ω–∏–µ}
You may provide a definition with
\DeclareUnicodeCharacter 


! LaTeX Error: Unicode character –¥ (U+0434)
               not set up for use with LaTeX.

See the LaTeX manual or LaTeX Companion for explanation.
Type  H <return>  for immediate help.
 ...                                              
                                                  
l.1 \chapter{–ó–∞–¥
                   –∞–Ω–∏–µ}
You may provide a definition with
\DeclareUnicodeCharacter 


! LaTeX Error: Unicode character –∞ (U+0430)
               not set up for use with LaTeX.

See the LaTeX manual or LaTeX Companion for explanation.
Type  H <return>  for immediate help.
 ...                                              
                                                  
l.1 \chapter{–ó–∞–¥–∞
                     –Ω–∏–µ}
You may provide a definition with
\DeclareUnicodeCharacter 


! LaTeX Error: Unicode character –Ω (U+043D)
               not set up for use with LaTeX.

See the LaTeX manual or LaTeX Companion for explanation.
Type  H <return>  for immediate help.
 ...                                              
                                                  
l.1 \chapter{–ó–∞–¥–∞–Ω
                       –∏–µ}
You may provide a definition with
\DeclareUnicodeCharacter 


! LaTeX Error: Unicode character –∏ (U+0438)
               not set up for use with LaTeX.

See the LaTeX manual or LaTeX Companion for explanation.
Type  H <return>  for immediate help.
 ...                                              
                                                  
l.1 \chapter{–ó–∞–¥–∞–Ω–∏
                         –µ}
You may provide a definition with
\DeclareUnicodeCharacter 


! LaTeX Error: Unicode character –µ (U+0435)
               not set up for use with LaTeX.

See the LaTeX manual or LaTeX Companion for explanation.
Type  H <return>  for immediate help.
 ...                                              
                                                  
l.1 \chapter{–ó–∞–¥–∞–Ω–∏–µ
                           }
You may provide a definition with
\DeclareUnicodeCharacter 


! LaTeX Error: Unicode character –† (U+0420)
               not set up for use with LaTeX.

See the LaTeX manual or LaTeX Companion for explanation.
Type  H <return>  for immediate help.
 ...                                              
                                                  
l.3 –†
      –µ–∞–ª–∏–∑–æ–≤–∞—Ç—å –ø—Ä–æ–≥—Ä–∞–º–º—É —Å –≥—Ä–∞—Ñ–∏—á–µ—Å–∫–∏–º –∏–Ω...

You may provide a definition with
\DeclareUnicodeCharacter 


! LaTeX Error: Unicode character –µ (U+0435)
               not set up for use with LaTeX.

See the LaTeX manual or LaTeX Companion for explanation.
Type  H <return>  for immediate help.
 ...                                              
                                                  
l.3 –†–µ
        –∞–ª–∏–∑–æ–≤–∞—Ç—å –ø—Ä–æ–≥—Ä–∞–º–º—É —Å –≥—Ä–∞—Ñ–∏—á–µ—Å–∫–∏–º –∏–Ω...

You may provide a definition with
\DeclareUnicodeCharacter 


! LaTeX Error: Unicode character –∞ (U+0430)
               not set up for use with LaTeX.

See the LaTeX manual or LaTeX Companion for explanation.
Type  H <return>  for immediate help.
 ...                                              
                                                  
l.3 –†–µ–∞
          –ª–∏–∑–æ–≤–∞—Ç—å –ø—Ä–æ–≥—Ä–∞–º–º—É —Å –≥—Ä–∞—Ñ–∏—á–µ—Å–∫–∏–º –∏–Ω...

You may provide a definition with
\DeclareUnicodeCharacter 


! LaTeX Error: Unicode character –ª (U+043B)
               not set up for use with LaTeX.

See the LaTeX manual or LaTeX Companion for explanation.
Type  H <return>  for immediate help.
 ...                                              
                                                  
l.3 –†–µ–∞–ª
            –∏–∑–æ–≤–∞—Ç—å –ø—Ä–æ–≥—Ä–∞–º–º—É —Å –≥—Ä–∞—Ñ–∏—á–µ—Å–∫–∏–º –∏–Ω...

You may provide a definition with
\DeclareUnicodeCharacter 


! LaTeX Error: Unicode character –∏ (U+0438)
               not set up for use with LaTeX.

See the LaTeX manual or LaTeX Companion for explanation.
Type  H <return>  for immediate help.
 ...                                              
                                                  
l.3 –†–µ–∞–ª–∏
              –∑–æ–≤–∞—Ç—å –ø—Ä–æ–≥—Ä–∞–º–º—É —Å –≥—Ä–∞—Ñ–∏—á–µ—Å–∫–∏–º –∏–Ω...

You may provide a definition with
\DeclareUnicodeCharacter 


! LaTeX Error: Unicode character –∑ (U+0437)
               not set up for use with LaTeX.

See the LaTeX manual or LaTeX Companion for explanation.
Type  H <return>  for immediate help.
 ...                                              
                                                  
l.3 –†–µ–∞–ª–∏–∑
                –æ–≤–∞—Ç—å –ø—Ä–æ–≥—Ä–∞–º–º—É —Å –≥—Ä–∞—Ñ–∏—á–µ—Å–∫–∏–º –∏–Ω...

You may provide a definition with
\DeclareUnicodeCharacter 


! LaTeX Error: Unicode character –æ (U+043E)
               not set up for use with LaTeX.

See the LaTeX manual or LaTeX Companion for explanation.
Type  H <return>  for immediate help.
 ...                                              
                                                  
l.3 –†–µ–∞–ª–∏–∑–æ
                  –≤–∞—Ç—å –ø—Ä–æ–≥—Ä–∞–º–º—É —Å –≥—Ä–∞—Ñ–∏—á–µ—Å–∫–∏–º –∏–Ω...

You may provide a definition with
\DeclareUnicodeCharacter 


! LaTeX Error: Unicode character –≤ (U+0432)
               not set up for use with LaTeX.

See the LaTeX manual or LaTeX Companion for explanation.
Type  H <return>  for immediate help.
 ...                                              
                                                  
l.3 –†–µ–∞–ª–∏–∑–æ–≤
                    –∞—Ç—å –ø—Ä–æ–≥—Ä–∞–º–º—É —Å –≥—Ä–∞—Ñ–∏—á–µ—Å–∫–∏–º –∏–Ω...

You may provide a definition with
\DeclareUnicodeCharacter 


! LaTeX Error: Unicode character –∞ (U+0430)
               not set up for use with LaTeX.

See the LaTeX manual or LaTeX Companion for explanation.
Type  H <return>  for immediate help.
 ...                                              
                                                  
l.3 –†–µ–∞–ª–∏–∑–æ–≤–∞
                      —Ç—å –ø—Ä–æ–≥—Ä–∞–º–º—É —Å –≥—Ä–∞—Ñ–∏—á–µ—Å–∫–∏–º –∏–Ω...

You may provide a definition with
\DeclareUnicodeCharacter 


! LaTeX Error: Unicode character —Ç (U+0442)
               not set up for use with LaTeX.

See the LaTeX manual or LaTeX Companion for explanation.
Type  H <return>  for immediate help.
 ...                                              
                                                  
l.3 –†–µ–∞–ª–∏–∑–æ–≤–∞—Ç
                        —å –ø—Ä–æ–≥—Ä–∞–º–º—É —Å –≥—Ä–∞—Ñ–∏—á–µ—Å–∫–∏–º –∏–Ω...

You may provide a definition with
\DeclareUnicodeCharacter 


! LaTeX Error: Unicode character —å (U+044C)
               not set up for use with LaTeX.

See the LaTeX manual or LaTeX Companion for explanation.
Type  H <return>  for immediate help.
 ...                                              
                                                  
l.3 –†–µ–∞–ª–∏–∑–æ–≤–∞—Ç—å
                           –ø—Ä–æ–≥—Ä–∞–º–º—É —Å –≥—Ä–∞—Ñ–∏—á–µ—Å–∫–∏–º –∏–Ω...

You may provide a definition with
\DeclareUnicodeCharacter 


! LaTeX Error: Unicode character –ø (U+043F)
               not set up for use with LaTeX.

See the LaTeX manual or LaTeX Companion for explanation.
Type  H <return>  for immediate help.
 ...                                              
                                                  
l.3 –†–µ–∞–ª–∏–∑–æ–≤–∞—Ç—å –ø
                             —Ä–æ–≥—Ä–∞–º–º—É —Å –≥—Ä–∞—Ñ–∏—á–µ—Å–∫–∏–º –∏–Ω...

You may provide a definition with
\DeclareUnicodeCharacter 


! LaTeX Error: Unicode character —Ä (U+0440)
               not set up for use with LaTeX.

See the LaTeX manual or LaTeX Companion for explanation.
Type  H <return>  for immediate help.
 ...                                              
                                                  
l.3 –†–µ–∞–ª–∏–∑–æ–≤–∞—Ç—å –ø—Ä
                               –æ–≥—Ä–∞–º–º—É —Å –≥—Ä–∞—Ñ–∏—á–µ—Å–∫–∏–º –∏–Ω...

You may provide a definition with
\DeclareUnicodeCharacter 


! LaTeX Error: Unicode character –æ (U+043E)
               not set up for use with LaTeX.

See the LaTeX manual or LaTeX Companion for explanation.
Type  H <return>  for immediate help.
 ...                                              
                                                  
l.3 –†–µ–∞–ª–∏–∑–æ–≤–∞—Ç—å –ø—Ä–æ
                                 –≥—Ä–∞–º–º—É —Å –≥—Ä–∞—Ñ–∏—á–µ—Å–∫–∏–º –∏–Ω...

You may provide a definition with
\DeclareUnicodeCharacter 


! LaTeX Error: Unicode character –≥ (U+0433)
               not set up for use with LaTeX.

See the LaTeX manual or LaTeX Companion for explanation.
Type  H <return>  for immediate help.
 ...                                              
                                                  
l.3 –†–µ–∞–ª–∏–∑–æ–≤–∞—Ç—å –ø—Ä–æ–≥
                                   —Ä–∞–º–º—É —Å –≥—Ä–∞—Ñ–∏—á–µ—Å–∫–∏–º –∏–Ω...

You may provide a definition with
\DeclareUnicodeCharacter 


! LaTeX Error: Unicode character —Ä (U+0440)
               not set up for use with LaTeX.

See the LaTeX manual or LaTeX Companion for explanation.
Type  H <return>  for immediate help.
 ...                                              
                                                  
l.3 –†–µ–∞–ª–∏–∑–æ–≤–∞—Ç—å –ø—Ä–æ–≥—Ä
                                     –∞–º–º—É —Å –≥—Ä–∞—Ñ–∏—á–µ—Å–∫–∏–º –∏–Ω...

You may provide a definition with
\DeclareUnicodeCharacter 


! LaTeX Error: Unicode character –∞ (U+0430)
               not set up for use with LaTeX.

See the LaTeX manual or LaTeX Companion for explanation.
Type  H <return>  for immediate help.
 ...                                              
                                                  
l.3 –†–µ–∞–ª–∏–∑–æ–≤–∞—Ç—å –ø—Ä–æ–≥—Ä–∞
                                       –º–º—É —Å –≥—Ä–∞—Ñ–∏—á–µ—Å–∫–∏–º –∏–Ω...

You may provide a definition with
\DeclareUnicodeCharacter 


! LaTeX Error: Unicode character –º (U+043C)
               not set up for use with LaTeX.

See the LaTeX manual or LaTeX Companion for explanation.
Type  H <return>  for immediate help.
 ...                                              
                                                  
l.3 –†–µ–∞–ª–∏–∑–æ–≤–∞—Ç—å –ø—Ä–æ–≥—Ä–∞–º
                                         –º—É —Å –≥—Ä–∞—Ñ–∏—á–µ—Å–∫–∏–º –∏–Ω...

You may provide a definition with
\DeclareUnicodeCharacter 


! LaTeX Error: Unicode character –º (U+043C)
               not set up for use with LaTeX.

See the LaTeX manual or LaTeX Companion for explanation.
Type  H <return>  for immediate help.
 ...                                              
                                                  
l.3 –†–µ–∞–ª–∏–∑–æ–≤–∞—Ç—å –ø—Ä–æ–≥—Ä–∞–º–º
                                           —É —Å –≥—Ä–∞—Ñ–∏—á–µ—Å–∫–∏–º –∏–Ω...

You may provide a definition with
\DeclareUnicodeCharacter 


! LaTeX Error: Unicode character —É (U+0443)
               not set up for use with LaTeX.

See the LaTeX manual or LaTeX Companion for explanation.
Type  H <return>  for immediate help.
 ...                                              
                                                  
l.3 –†–µ–∞–ª–∏–∑–æ–≤–∞—Ç—å –ø—Ä–æ–≥—Ä–∞–º–º—É
                                              —Å –≥—Ä–∞—Ñ–∏—á–µ—Å–∫–∏–º –∏–Ω...

You may provide a definition with
\DeclareUnicodeCharacter 


! LaTeX Error: Unicode character —Å (U+0441)
               not set up for use with LaTeX.

See the LaTeX manual or LaTeX Companion for explanation.
Type  H <return>  for immediate help.
 ...                                              
                                                  
l.3 –†–µ–∞–ª–∏–∑–æ–≤–∞—Ç—å –ø—Ä–æ–≥—Ä–∞–º–º—É —Å
                                                 –≥—Ä–∞—Ñ–∏—á–µ—Å–∫–∏–º –∏–Ω...

You may provide a definition with
\DeclareUnicodeCharacter 


! LaTeX Error: Unicode character –≥ (U+0433)
               not set up for use with LaTeX.

See the LaTeX manual or LaTeX Companion for explanation.
Type  H <return>  for immediate help.
 ...                                              
                                                  
l.3 ...–∞–ª–∏–∑–æ–≤–∞—Ç—å –ø—Ä–æ–≥—Ä–∞–º–º—É —Å –≥
                                                  —Ä–∞—Ñ–∏—á–µ—Å–∫–∏–º –∏–Ω—...

You may provide a definition with
\DeclareUnicodeCharacter 


! LaTeX Error: Unicode character —Ä (U+0440)
               not set up for use with LaTeX.

See the LaTeX manual or LaTeX Companion for explanation.
Type  H <return>  for immediate help.
 ...                                              
                                                  
l.3 ...–ª–∏–∑–æ–≤–∞—Ç—å –ø—Ä–æ–≥—Ä–∞–º–º—É —Å –≥—Ä
                                                  –∞—Ñ–∏—á–µ—Å–∫–∏–º –∏–Ω—Ç–...

You may provide a definition with
\DeclareUnicodeCharacter 


! LaTeX Error: Unicode character –∞ (U+0430)
               not set up for use with LaTeX.

See the LaTeX manual or LaTeX Companion for explanation.
Type  H <return>  for immediate help.
 ...                                              
                                                  
l.3 ...–∏–∑–æ–≤–∞—Ç—å –ø—Ä–æ–≥—Ä–∞–º–º—É —Å –≥—Ä–∞
                                                  —Ñ–∏—á–µ—Å–∫–∏–º –∏–Ω—Ç–µ—...

You may provide a definition with
\DeclareUnicodeCharacter 


! LaTeX Error: Unicode character —Ñ (U+0444)
               not set up for use with LaTeX.

See the LaTeX manual or LaTeX Companion for explanation.
Type  H <return>  for immediate help.
 ...                                              
                                                  
l.3 ...–∑–æ–≤–∞—Ç—å –ø—Ä–æ–≥—Ä–∞–º–º—É —Å –≥—Ä–∞—Ñ
                                                  –∏—á–µ—Å–∫–∏–º –∏–Ω—Ç–µ—Ä—...

You may provide a definition with
\DeclareUnicodeCharacter 


! LaTeX Error: Unicode character –∏ (U+0438)
               not set up for use with LaTeX.

See the LaTeX manual or LaTeX Companion for explanation.
Type  H <return>  for immediate help.
 ...                                              
                                                  
l.3 ...–æ–≤–∞—Ç—å –ø—Ä–æ–≥—Ä–∞–º–º—É —Å –≥—Ä–∞—Ñ–∏
                                                  —á–µ—Å–∫–∏–º –∏–Ω—Ç–µ—Ä—Ñ–...

You may provide a definition with
\DeclareUnicodeCharacter 


! LaTeX Error: Unicode character —á (U+0447)
               not set up for use with LaTeX.

See the LaTeX manual or LaTeX Companion for explanation.
Type  H <return>  for immediate help.
 ...                                              
                                                  
l.3 ...–≤–∞—Ç—å –ø—Ä–æ–≥—Ä–∞–º–º—É —Å –≥—Ä–∞—Ñ–∏—á
                                                  –µ—Å–∫–∏–º –∏–Ω—Ç–µ—Ä—Ñ–µ–...

You may provide a definition with
\DeclareUnicodeCharacter 


! LaTeX Error: Unicode character –µ (U+0435)
               not set up for use with LaTeX.

See the LaTeX manual or LaTeX Companion for explanation.
Type  H <return>  for immediate help.
 ...                                              
                                                  
l.3 ...–∞—Ç—å –ø—Ä–æ–≥—Ä–∞–º–º—É —Å –≥—Ä–∞—Ñ–∏—á–µ
                                                  —Å–∫–∏–º –∏–Ω—Ç–µ—Ä—Ñ–µ–π—...

You may provide a definition with
\DeclareUnicodeCharacter 


! LaTeX Error: Unicode character —Å (U+0441)
               not set up for use with LaTeX.

See the LaTeX manual or LaTeX Companion for explanation.
Type  H <return>  for immediate help.
 ...                                              
                                                  
l.3 ...—Ç—å –ø—Ä–æ–≥—Ä–∞–º–º—É —Å –≥—Ä–∞—Ñ–∏—á–µ—Å
                                                  –∫–∏–º –∏–Ω—Ç–µ—Ä—Ñ–µ–π—Å–...

You may provide a definition with
\DeclareUnicodeCharacter 


! LaTeX Error: Unicode character –∫ (U+043A)
               not set up for use with LaTeX.

See the LaTeX manual or LaTeX Companion for explanation.
Type  H <return>  for immediate help.
 ...                                              
                                                  
l.3 ...—å –ø—Ä–æ–≥—Ä–∞–º–º—É —Å –≥—Ä–∞—Ñ–∏—á–µ—Å–∫
                                                  –∏–º –∏–Ω—Ç–µ—Ä—Ñ–µ–π—Å–æ–...

You may provide a definition with
\DeclareUnicodeCharacter 


! LaTeX Error: Unicode character –∏ (U+0438)
               not set up for use with LaTeX.

See the LaTeX manual or LaTeX Companion for explanation.
Type  H <return>  for immediate help.
 ...                                              
                                                  
l.3 ... –ø—Ä–æ–≥—Ä–∞–º–º—É —Å –≥—Ä–∞—Ñ–∏—á–µ—Å–∫–∏
                                                  –º –∏–Ω—Ç–µ—Ä—Ñ–µ–π—Å–æ–º ...

You may provide a definition with
\DeclareUnicodeCharacter 


! LaTeX Error: Unicode character –º (U+043C)
               not set up for use with LaTeX.

See the LaTeX manual or LaTeX Companion for explanation.
Type  H <return>  for immediate help.
 ...                                              
                                                  
l.3 ...ø—Ä–æ–≥—Ä–∞–º–º—É —Å –≥—Ä–∞—Ñ–∏—á–µ—Å–∫–∏–º
                                                   –∏–Ω—Ç–µ—Ä—Ñ–µ–π—Å–æ–º –¥...

You may provide a definition with
\DeclareUnicodeCharacter 


! LaTeX Error: Unicode character –∏ (U+0438)
               not set up for use with LaTeX.

See the LaTeX manual or LaTeX Companion for explanation.
Type  H <return>  for immediate help.
 ...                                              
                                                  
l.3 ...–æ–≥—Ä–∞–º–º—É —Å –≥—Ä–∞—Ñ–∏—á–µ—Å–∫–∏–º –∏
                                                  –Ω—Ç–µ—Ä—Ñ–µ–π—Å–æ–º –¥–ª—...

You may provide a definition with
\DeclareUnicodeCharacter 


! LaTeX Error: Unicode character –Ω (U+043D)
               not set up for use with LaTeX.

See the LaTeX manual or LaTeX Companion for explanation.
Type  H <return>  for immediate help.
 ...                                              
                                                  
l.3 ...–≥—Ä–∞–º–º—É —Å –≥—Ä–∞—Ñ–∏—á–µ—Å–∫–∏–º –∏–Ω
                                                  —Ç–µ—Ä—Ñ–µ–π—Å–æ–º –¥–ª—è ...

You may provide a definition with
\DeclareUnicodeCharacter 


! LaTeX Error: Unicode character —Ç (U+0442)
               not set up for use with LaTeX.

See the LaTeX manual or LaTeX Companion for explanation.
Type  H <return>  for immediate help.
 ...                                              
                                                  
l.3 ...—Ä–∞–º–º—É —Å –≥—Ä–∞—Ñ–∏—á–µ—Å–∫–∏–º –∏–Ω—Ç
                                                  –µ—Ä—Ñ–µ–π—Å–æ–º –¥–ª—è –≥...

You may provide a definition with
\DeclareUnicodeCharacter 


! LaTeX Error: Unicode character –µ (U+0435)
               not set up for use with LaTeX.

See the LaTeX manual or LaTeX Companion for explanation.
Type  H <return>  for immediate help.
 ...                                              
                                                  
l.3 ...–∞–º–º—É —Å –≥—Ä–∞—Ñ–∏—á–µ—Å–∫–∏–º –∏–Ω—Ç–µ
                                                  —Ä—Ñ–µ–π—Å–æ–º –¥–ª—è –≥–µ...

You may provide a definition with
\DeclareUnicodeCharacter 


! LaTeX Error: Unicode character —Ä (U+0440)
               not set up for use with LaTeX.

See the LaTeX manual or LaTeX Companion for explanation.
Type  H <return>  for immediate help.
 ...                                              
                                                  
l.3 ...–º–º—É —Å –≥—Ä–∞—Ñ–∏—á–µ—Å–∫–∏–º –∏–Ω—Ç–µ—Ä
                                                  —Ñ–µ–π—Å–æ–º –¥–ª—è –≥–µ–Ω...

You may provide a definition with
\DeclareUnicodeCharacter 


! LaTeX Error: Unicode character —Ñ (U+0444)
               not set up for use with LaTeX.

See the LaTeX manual or LaTeX Companion for explanation.
Type  H <return>  for immediate help.
 ...                                              
                                                  
l.3 ...–º—É —Å –≥—Ä–∞—Ñ–∏—á–µ—Å–∫–∏–º –∏–Ω—Ç–µ—Ä—Ñ
                                                  –µ–π—Å–æ–º –¥–ª—è –≥–µ–Ω–µ...

You may provide a definition with
\DeclareUnicodeCharacter 


! LaTeX Error: Unicode character –µ (U+0435)
               not set up for use with LaTeX.

See the LaTeX manual or LaTeX Companion for explanation.
Type  H <return>  for immediate help.
 ...                                              
                                                  
l.3 ...—É —Å –≥—Ä–∞—Ñ–∏—á–µ—Å–∫–∏–º –∏–Ω—Ç–µ—Ä—Ñ–µ
                                                  –π—Å–æ–º –¥–ª—è –≥–µ–Ω–µ—Ä...

You may provide a definition with
\DeclareUnicodeCharacter 


! LaTeX Error: Unicode character –π (U+0439)
               not set up for use with LaTeX.

See the LaTeX manual or LaTeX Companion for explanation.
Type  H <return>  for immediate help.
 ...                                              
                                                  
l.3 ... —Å –≥—Ä–∞—Ñ–∏—á–µ—Å–∫–∏–º –∏–Ω—Ç–µ—Ä—Ñ–µ–π
                                                  —Å–æ–º –¥–ª—è –≥–µ–Ω–µ—Ä–∞...

You may provide a definition with
\DeclareUnicodeCharacter 


! LaTeX Error: Unicode character —Å (U+0441)
               not set up for use with LaTeX.

See the LaTeX manual or LaTeX Companion for explanation.
Type  H <return>  for immediate help.
 ...                                              
                                                  
l.3 ...Å –≥—Ä–∞—Ñ–∏—á–µ—Å–∫–∏–º –∏–Ω—Ç–µ—Ä—Ñ–µ–π—Å
                                                  –æ–º –¥–ª—è –≥–µ–Ω–µ—Ä–∞—Ü...

You may provide a definition with
\DeclareUnicodeCharacter 


! LaTeX Error: Unicode character –æ (U+043E)
               not set up for use with LaTeX.

See the LaTeX manual or LaTeX Companion for explanation.
Type  H <return>  for immediate help.
 ...                                              
                                                  
l.3 ...–≥—Ä–∞—Ñ–∏—á–µ—Å–∫–∏–º –∏–Ω—Ç–µ—Ä—Ñ–µ–π—Å–æ
                                                  –º –¥–ª—è –≥–µ–Ω–µ—Ä–∞—Ü–∏...

You may provide a definition with
\DeclareUnicodeCharacter 


! LaTeX Error: Unicode character –º (U+043C)
               not set up for use with LaTeX.

See the LaTeX manual or LaTeX Companion for explanation.
Type  H <return>  for immediate help.
 ...                                              
                                                  
l.3 ...—Ä–∞—Ñ–∏—á–µ—Å–∫–∏–º –∏–Ω—Ç–µ—Ä—Ñ–µ–π—Å–æ–º
                                                   –¥–ª—è –≥–µ–Ω–µ—Ä–∞—Ü–∏–∏...

You may provide a definition with
\DeclareUnicodeCharacter 


! LaTeX Error: Unicode character –¥ (U+0434)
               not set up for use with LaTeX.

See the LaTeX manual or LaTeX Companion for explanation.
Type  H <return>  for immediate help.
 ...                                              
                                                  
l.3 ...∞—Ñ–∏—á–µ—Å–∫–∏–º –∏–Ω—Ç–µ—Ä—Ñ–µ–π—Å–æ–º –¥
                                                  –ª—è –≥–µ–Ω–µ—Ä–∞—Ü–∏–∏ –ø...

You may provide a definition with
\DeclareUnicodeCharacter 


! LaTeX Error: Unicode character –ª (U+043B)
               not set up for use with LaTeX.

See the LaTeX manual or LaTeX Companion for explanation.
Type  H <return>  for immediate help.
 ...                                              
                                                  
l.3 ...Ñ–∏—á–µ—Å–∫–∏–º –∏–Ω—Ç–µ—Ä—Ñ–µ–π—Å–æ–º –¥–ª
                                                  —è –≥–µ–Ω–µ—Ä–∞—Ü–∏–∏ –ø–æ...

You may provide a definition with
\DeclareUnicodeCharacter 


! LaTeX Error: Unicode character —è (U+044F)
               not set up for use with LaTeX.

See the LaTeX manual or LaTeX Companion for explanation.
Type  H <return>  for immediate help.
 ...                                              
                                                  
l.3 ...∏—á–µ—Å–∫–∏–º –∏–Ω—Ç–µ—Ä—Ñ–µ–π—Å–æ–º –¥–ª—è
                                                   –≥–µ–Ω–µ—Ä–∞—Ü–∏–∏ –ø–æ—Å...

You may provide a definition with
\DeclareUnicodeCharacter 


! LaTeX Error: Unicode character –≥ (U+0433)
               not set up for use with LaTeX.

See the LaTeX manual or LaTeX Companion for explanation.
Type  H <return>  for immediate help.
 ...                                              
                                                  
l.3 ...–µ—Å–∫–∏–º –∏–Ω—Ç–µ—Ä—Ñ–µ–π—Å–æ–º –¥–ª—è –≥
                                                  –µ–Ω–µ—Ä–∞—Ü–∏–∏ –ø–æ—Å–ª–...

You may provide a definition with
\DeclareUnicodeCharacter 


! LaTeX Error: Unicode character –µ (U+0435)
               not set up for use with LaTeX.

See the LaTeX manual or LaTeX Companion for explanation.
Type  H <return>  for immediate help.
 ...                                              
                                                  
l.3 ...—Å–∫–∏–º –∏–Ω—Ç–µ—Ä—Ñ–µ–π—Å–æ–º –¥–ª—è –≥–µ
                                                  –Ω–µ—Ä–∞—Ü–∏–∏ –ø–æ—Å–ª–µ–...

You may provide a definition with
\DeclareUnicodeCharacter 


! LaTeX Error: Unicode character –Ω (U+043D)
               not set up for use with LaTeX.

See the LaTeX manual or LaTeX Companion for explanation.
Type  H <return>  for immediate help.
 ...                                              
                                                  
l.3 ...–∫–∏–º –∏–Ω—Ç–µ—Ä—Ñ–µ–π—Å–æ–º –¥–ª—è –≥–µ–Ω
                                                  –µ—Ä–∞—Ü–∏–∏ –ø–æ—Å–ª–µ–¥–...

You may provide a definition with
\DeclareUnicodeCharacter 


! LaTeX Error: Unicode character –µ (U+0435)
               not set up for use with LaTeX.

See the LaTeX manual or LaTeX Companion for explanation.
Type  H <return>  for immediate help.
 ...                                              
                                                  
l.3 ...–∏–º –∏–Ω—Ç–µ—Ä—Ñ–µ–π—Å–æ–º –¥–ª—è –≥–µ–Ω–µ
                                                  —Ä–∞—Ü–∏–∏ –ø–æ—Å–ª–µ–¥–æ–...

You may provide a definition with
\DeclareUnicodeCharacter 


! LaTeX Error: Unicode character —Ä (U+0440)
               not set up for use with LaTeX.

See the LaTeX manual or LaTeX Companion for explanation.
Type  H <return>  for immediate help.
 ...                                              
                                                  
l.3 ...–º –∏–Ω—Ç–µ—Ä—Ñ–µ–π—Å–æ–º –¥–ª—è –≥–µ–Ω–µ—Ä
                                                  –∞—Ü–∏–∏ –ø–æ—Å–ª–µ–¥–æ–≤–...

You may provide a definition with
\DeclareUnicodeCharacter 


! LaTeX Error: Unicode character –∞ (U+0430)
               not set up for use with LaTeX.

See the LaTeX manual or LaTeX Companion for explanation.
Type  H <return>  for immediate help.
 ...                                              
                                                  
l.3 ... –∏–Ω—Ç–µ—Ä—Ñ–µ–π—Å–æ–º –¥–ª—è –≥–µ–Ω–µ—Ä–∞
                                                  —Ü–∏–∏ –ø–æ—Å–ª–µ–¥–æ–≤–∞—...

You may provide a definition with
\DeclareUnicodeCharacter 


! LaTeX Error: Unicode character —Ü (U+0446)
               not set up for use with LaTeX.

See the LaTeX manual or LaTeX Companion for explanation.
Type  H <return>  for immediate help.
 ...                                              
                                                  
l.3 ...∏–Ω—Ç–µ—Ä—Ñ–µ–π—Å–æ–º –¥–ª—è –≥–µ–Ω–µ—Ä–∞—Ü
                                                  –∏–∏ –ø–æ—Å–ª–µ–¥–æ–≤–∞—Ç–...

You may provide a definition with
\DeclareUnicodeCharacter 


! LaTeX Error: Unicode character –∏ (U+0438)
               not set up for use with LaTeX.

See the LaTeX manual or LaTeX Companion for explanation.
Type  H <return>  for immediate help.
 ...                                              
                                                  
l.3 ...Ω—Ç–µ—Ä—Ñ–µ–π—Å–æ–º –¥–ª—è –≥–µ–Ω–µ—Ä–∞—Ü–∏
                                                  –∏ –ø–æ—Å–ª–µ–¥–æ–≤–∞—Ç–µ–...

You may provide a definition with
\DeclareUnicodeCharacter 


! LaTeX Error: Unicode character –∏ (U+0438)
               not set up for use with LaTeX.

See the LaTeX manual or LaTeX Companion for explanation.
Type  H <return>  for immediate help.
 ...                                              
                                                  
l.3 ...Ç–µ—Ä—Ñ–µ–π—Å–æ–º –¥–ª—è –≥–µ–Ω–µ—Ä–∞—Ü–∏–∏
                                                   –ø–æ—Å–ª–µ–¥–æ–≤–∞—Ç–µ–ª—...

You may provide a definition with
\DeclareUnicodeCharacter 


! LaTeX Error: Unicode character –ø (U+043F)
               not set up for use with LaTeX.

See the LaTeX manual or LaTeX Companion for explanation.
Type  H <return>  for immediate help.
 ...                                              
                                                  
l.3 ...—Ä—Ñ–µ–π—Å–æ–º –¥–ª—è –≥–µ–Ω–µ—Ä–∞—Ü–∏–∏ –ø
                                                  –æ—Å–ª–µ–¥–æ–≤–∞—Ç–µ–ª—å–Ω...

You may provide a definition with
\DeclareUnicodeCharacter 


! LaTeX Error: Unicode character –æ (U+043E)
               not set up for use with LaTeX.

See the LaTeX manual or LaTeX Companion for explanation.
Type  H <return>  for immediate help.
 ...                                              
                                                  
l.3 ...—Ñ–µ–π—Å–æ–º –¥–ª—è –≥–µ–Ω–µ—Ä–∞—Ü–∏–∏ –ø–æ
                                                  —Å–ª–µ–¥–æ–≤–∞—Ç–µ–ª—å–Ω–æ...

You may provide a definition with
\DeclareUnicodeCharacter 


! LaTeX Error: Unicode character —Å (U+0441)
               not set up for use with LaTeX.

See the LaTeX manual or LaTeX Companion for explanation.
Type  H <return>  for immediate help.
 ...                                              
                                                  
l.3 ...–µ–π—Å–æ–º –¥–ª—è –≥–µ–Ω–µ—Ä–∞—Ü–∏–∏ –ø–æ—Å
                                                  –ª–µ–¥–æ–≤–∞—Ç–µ–ª—å–Ω–æ—Å...

You may provide a definition with
\DeclareUnicodeCharacter 


! LaTeX Error: Unicode character –ª (U+043B)
               not set up for use with LaTeX.

See the LaTeX manual or LaTeX Companion for explanation.
Type  H <return>  for immediate help.
 ...                                              
                                                  
l.3 ...–π—Å–æ–º –¥–ª—è –≥–µ–Ω–µ—Ä–∞—Ü–∏–∏ –ø–æ—Å–ª
                                                  –µ–¥–æ–≤–∞—Ç–µ–ª—å–Ω–æ—Å—Ç...

You may provide a definition with
\DeclareUnicodeCharacter 


! LaTeX Error: Unicode character –µ (U+0435)
               not set up for use with LaTeX.

See the LaTeX manual or LaTeX Companion for explanation.
Type  H <return>  for immediate help.
 ...                                              
                                                  
l.3 ...—Å–æ–º –¥–ª—è –≥–µ–Ω–µ—Ä–∞—Ü–∏–∏ –ø–æ—Å–ª–µ
                                                  –¥–æ–≤–∞—Ç–µ–ª—å–Ω–æ—Å—Ç–µ...

You may provide a definition with
\DeclareUnicodeCharacter 


! LaTeX Error: Unicode character –¥ (U+0434)
               not set up for use with LaTeX.

See the LaTeX manual or LaTeX Companion for explanation.
Type  H <return>  for immediate help.
 ...                                              
                                                  
l.3 ...–æ–º –¥–ª—è –≥–µ–Ω–µ—Ä–∞—Ü–∏–∏ –ø–æ—Å–ª–µ–¥
                                                  –æ–≤–∞—Ç–µ–ª—å–Ω–æ—Å—Ç–µ–π...

You may provide a definition with
\DeclareUnicodeCharacter 


! LaTeX Error: Unicode character –æ (U+043E)
               not set up for use with LaTeX.

See the LaTeX manual or LaTeX Companion for explanation.
Type  H <return>  for immediate help.
 ...                                              
                                                  
l.3 ...–º –¥–ª—è –≥–µ–Ω–µ—Ä–∞—Ü–∏–∏ –ø–æ—Å–ª–µ–¥–æ
                                                  –≤–∞—Ç–µ–ª—å–Ω–æ—Å—Ç–µ–π –...

You may provide a definition with
\DeclareUnicodeCharacter 


! LaTeX Error: Unicode character –≤ (U+0432)
               not set up for use with LaTeX.

See the LaTeX manual or LaTeX Companion for explanation.
Type  H <return>  for immediate help.
 ...                                              
                                                  
l.3 ... –¥–ª—è –≥–µ–Ω–µ—Ä–∞—Ü–∏–∏ –ø–æ—Å–ª–µ–¥–æ–≤
                                                  –∞—Ç–µ–ª—å–Ω–æ—Å—Ç–µ–π –ø—...

You may provide a definition with
\DeclareUnicodeCharacter 


! LaTeX Error: Unicode character –∞ (U+0430)
               not set up for use with LaTeX.

See the LaTeX manual or LaTeX Companion for explanation.
Type  H <return>  for immediate help.
 ...                                              
                                                  
l.3 ...¥–ª—è –≥–µ–Ω–µ—Ä–∞—Ü–∏–∏ –ø–æ—Å–ª–µ–¥–æ–≤–∞
                                                  —Ç–µ–ª—å–Ω–æ—Å—Ç–µ–π –ø—Å–...

You may provide a definition with
\DeclareUnicodeCharacter 


! LaTeX Error: Unicode character —Ç (U+0442)
               not set up for use with LaTeX.

See the LaTeX manual or LaTeX Companion for explanation.
Type  H <return>  for immediate help.
 ...                                              
                                                  
l.3 ...ª—è –≥–µ–Ω–µ—Ä–∞—Ü–∏–∏ –ø–æ—Å–ª–µ–¥–æ–≤–∞—Ç
                                                  –µ–ª—å–Ω–æ—Å—Ç–µ–π –ø—Å–µ–...

You may provide a definition with
\DeclareUnicodeCharacter 


! LaTeX Error: Unicode character –µ (U+0435)
               not set up for use with LaTeX.

See the LaTeX manual or LaTeX Companion for explanation.
Type  H <return>  for immediate help.
 ...                                              
                                                  
l.3 ...è –≥–µ–Ω–µ—Ä–∞—Ü–∏–∏ –ø–æ—Å–ª–µ–¥–æ–≤–∞—Ç–µ
                                                  –ª—å–Ω–æ—Å—Ç–µ–π –ø—Å–µ–≤–...

You may provide a definition with
\DeclareUnicodeCharacter 


! LaTeX Error: Unicode character –ª (U+043B)
               not set up for use with LaTeX.

See the LaTeX manual or LaTeX Companion for explanation.
Type  H <return>  for immediate help.
 ...                                              
                                                  
l.3 ...–≥–µ–Ω–µ—Ä–∞—Ü–∏–∏ –ø–æ—Å–ª–µ–¥–æ–≤–∞—Ç–µ–ª
                                                  —å–Ω–æ—Å—Ç–µ–π –ø—Å–µ–≤–¥–...

You may provide a definition with
\DeclareUnicodeCharacter 


! LaTeX Error: Unicode character —å (U+044C)
               not set up for use with LaTeX.

See the LaTeX manual or LaTeX Companion for explanation.
Type  H <return>  for immediate help.
 ...                                              
                                                  
l.3 ...–µ–Ω–µ—Ä–∞—Ü–∏–∏ –ø–æ—Å–ª–µ–¥–æ–≤–∞—Ç–µ–ª—å
                                                  –Ω–æ—Å—Ç–µ–π –ø—Å–µ–≤–¥–æ—...

You may provide a definition with
\DeclareUnicodeCharacter 


! LaTeX Error: Unicode character –Ω (U+043D)
               not set up for use with LaTeX.

See the LaTeX manual or LaTeX Companion for explanation.
Type  H <return>  for immediate help.
 ...                                              
                                                  
l.3 ...–Ω–µ—Ä–∞—Ü–∏–∏ –ø–æ—Å–ª–µ–¥–æ–≤–∞—Ç–µ–ª—å–Ω
                                                  –æ—Å—Ç–µ–π –ø—Å–µ–≤–¥–æ—Å–...

You may provide a definition with
\DeclareUnicodeCharacter 


! LaTeX Error: Unicode character –æ (U+043E)
               not set up for use with LaTeX.

See the LaTeX manual or LaTeX Companion for explanation.
Type  H <return>  for immediate help.
 ...                                              
                                                  
l.3 ...–µ—Ä–∞—Ü–∏–∏ –ø–æ—Å–ª–µ–¥–æ–≤–∞—Ç–µ–ª—å–Ω–æ
                                                  —Å—Ç–µ–π –ø—Å–µ–≤–¥–æ—Å–ª—...

You may provide a definition with
\DeclareUnicodeCharacter 


! LaTeX Error: Unicode character —Å (U+0441)
               not set up for use with LaTeX.

See the LaTeX manual or LaTeX Companion for explanation.
Type  H <return>  for immediate help.
 ...                                              
                                                  
l.3 ...—Ä–∞—Ü–∏–∏ –ø–æ—Å–ª–µ–¥–æ–≤–∞—Ç–µ–ª—å–Ω–æ—Å
                                                  —Ç–µ–π –ø—Å–µ–≤–¥–æ—Å–ª—É—...

You may provide a definition with
\DeclareUnicodeCharacter 


! LaTeX Error: Unicode character —Ç (U+0442)
               not set up for use with LaTeX.

See the LaTeX manual or LaTeX Companion for explanation.
Type  H <return>  for immediate help.
 ...                                              
                                                  
l.3 ...–∞—Ü–∏–∏ –ø–æ—Å–ª–µ–¥–æ–≤–∞—Ç–µ–ª—å–Ω–æ—Å—Ç
                                                  –µ–π –ø—Å–µ–≤–¥–æ—Å–ª—É—á–...

You may provide a definition with
\DeclareUnicodeCharacter 


! LaTeX Error: Unicode character –µ (U+0435)
               not set up for use with LaTeX.

See the LaTeX manual or LaTeX Companion for explanation.
Type  H <return>  for immediate help.
 ...                                              
                                                  
l.3 ...—Ü–∏–∏ –ø–æ—Å–ª–µ–¥–æ–≤–∞—Ç–µ–ª—å–Ω–æ—Å—Ç–µ
                                                  –π –ø—Å–µ–≤–¥–æ—Å–ª—É—á–∞–...

You may provide a definition with
\DeclareUnicodeCharacter 


! LaTeX Error: Unicode character –π (U+0439)
               not set up for use with LaTeX.

See the LaTeX manual or LaTeX Companion for explanation.
Type  H <return>  for immediate help.
 ...                                              
                                                  
l.3 ...–∏–∏ –ø–æ—Å–ª–µ–¥–æ–≤–∞—Ç–µ–ª—å–Ω–æ—Å—Ç–µ–π
                                                   –ø—Å–µ–≤–¥–æ—Å–ª—É—á–∞–π–...

You may provide a definition with
\DeclareUnicodeCharacter 


! LaTeX Error: Unicode character –ø (U+043F)
               not set up for use with LaTeX.

See the LaTeX manual or LaTeX Companion for explanation.
Type  H <return>  for immediate help.
 ...                                              
                                                  
l.3 ...∏ –ø–æ—Å–ª–µ–¥–æ–≤–∞—Ç–µ–ª—å–Ω–æ—Å—Ç–µ–π –ø
                                                  —Å–µ–≤–¥–æ—Å–ª—É—á–∞–π–Ω—ã...

You may provide a definition with
\DeclareUnicodeCharacter 


! LaTeX Error: Unicode character —Å (U+0441)
               not set up for use with LaTeX.

See the LaTeX manual or LaTeX Companion for explanation.
Type  H <return>  for immediate help.
 ...                                              
                                                  
l.3 ...–ø–æ—Å–ª–µ–¥–æ–≤–∞—Ç–µ–ª—å–Ω–æ—Å—Ç–µ–π –ø—Å
                                                  –µ–≤–¥–æ—Å–ª—É—á–∞–π–Ω—ã—Ö...

You may provide a definition with
\DeclareUnicodeCharacter 


! LaTeX Error: Unicode character –µ (U+0435)
               not set up for use with LaTeX.

See the LaTeX manual or LaTeX Companion for explanation.
Type  H <return>  for immediate help.
 ...                                              
                                                  
l.3 ...–æ—Å–ª–µ–¥–æ–≤–∞—Ç–µ–ª—å–Ω–æ—Å—Ç–µ–π –ø—Å–µ
                                                  –≤–¥–æ—Å–ª—É—á–∞–π–Ω—ã—Ö —...

You may provide a definition with
\DeclareUnicodeCharacter 


! LaTeX Error: Unicode character –≤ (U+0432)
               not set up for use with LaTeX.

See the LaTeX manual or LaTeX Companion for explanation.
Type  H <return>  for immediate help.
 ...                                              
                                                  
l.3 ...—Å–ª–µ–¥–æ–≤–∞—Ç–µ–ª—å–Ω–æ—Å—Ç–µ–π –ø—Å–µ–≤
                                                  –¥–æ—Å–ª—É—á–∞–π–Ω—ã—Ö —á–...

You may provide a definition with
\DeclareUnicodeCharacter 


! LaTeX Error: Unicode character –¥ (U+0434)
               not set up for use with LaTeX.

See the LaTeX manual or LaTeX Companion for explanation.
Type  H <return>  for immediate help.
 ...                                              
                                                  
l.3 ...–ª–µ–¥–æ–≤–∞—Ç–µ–ª—å–Ω–æ—Å—Ç–µ–π –ø—Å–µ–≤–¥
                                                  –æ—Å–ª—É—á–∞–π–Ω—ã—Ö —á–∏—...

You may provide a definition with
\DeclareUnicodeCharacter 


! LaTeX Error: Unicode character –æ (U+043E)
               not set up for use with LaTeX.

See the LaTeX manual or LaTeX Companion for explanation.
Type  H <return>  for immediate help.
 ...                                              
                                                  
l.3 ...–µ–¥–æ–≤–∞—Ç–µ–ª—å–Ω–æ—Å—Ç–µ–π –ø—Å–µ–≤–¥–æ
                                                  —Å–ª—É—á–∞–π–Ω—ã—Ö —á–∏—Å–...

You may provide a definition with
\DeclareUnicodeCharacter 


! LaTeX Error: Unicode character —Å (U+0441)
               not set up for use with LaTeX.

See the LaTeX manual or LaTeX Companion for explanation.
Type  H <return>  for immediate help.
 ...                                              
                                                  
l.3 ...–¥–æ–≤–∞—Ç–µ–ª—å–Ω–æ—Å—Ç–µ–π –ø—Å–µ–≤–¥–æ—Å
                                                  –ª—É—á–∞–π–Ω—ã—Ö —á–∏—Å–µ–...

You may provide a definition with
\DeclareUnicodeCharacter 


! LaTeX Error: Unicode character –ª (U+043B)
               not set up for use with LaTeX.

See the LaTeX manual or LaTeX Companion for explanation.
Type  H <return>  for immediate help.
 ...                                              
                                                  
l.3 ...–æ–≤–∞—Ç–µ–ª—å–Ω–æ—Å—Ç–µ–π –ø—Å–µ–≤–¥–æ—Å–ª
                                                  —É—á–∞–π–Ω—ã—Ö —á–∏—Å–µ–ª ...

You may provide a definition with
\DeclareUnicodeCharacter 


! LaTeX Error: Unicode character —É (U+0443)
               not set up for use with LaTeX.

See the LaTeX manual or LaTeX Companion for explanation.
Type  H <return>  for immediate help.
 ...                                              
                                                  
l.3 ...–≤–∞—Ç–µ–ª—å–Ω–æ—Å—Ç–µ–π –ø—Å–µ–≤–¥–æ—Å–ª—É
                                                  —á–∞–π–Ω—ã—Ö —á–∏—Å–µ–ª —Å...

You may provide a definition with
\DeclareUnicodeCharacter 


! LaTeX Error: Unicode character —á (U+0447)
               not set up for use with LaTeX.

See the LaTeX manual or LaTeX Companion for explanation.
Type  H <return>  for immediate help.
 ...                                              
                                                  
l.3 ...–∞—Ç–µ–ª—å–Ω–æ—Å—Ç–µ–π –ø—Å–µ–≤–¥–æ—Å–ª—É—á
                                                  –∞–π–Ω—ã—Ö —á–∏—Å–µ–ª —Å –...

You may provide a definition with
\DeclareUnicodeCharacter 


! LaTeX Error: Unicode character –∞ (U+0430)
               not set up for use with LaTeX.

See the LaTeX manual or LaTeX Companion for explanation.
Type  H <return>  for immediate help.
 ...                                              
                                                  
l.3 ...—Ç–µ–ª—å–Ω–æ—Å—Ç–µ–π –ø—Å–µ–≤–¥–æ—Å–ª—É—á–∞
                                                  –π–Ω—ã—Ö —á–∏—Å–µ–ª —Å –∏—...

You may provide a definition with
\DeclareUnicodeCharacter 


! LaTeX Error: Unicode character –π (U+0439)
               not set up for use with LaTeX.

See the LaTeX manual or LaTeX Companion for explanation.
Type  H <return>  for immediate help.
 ...                                              
                                                  
l.3 ...–µ–ª—å–Ω–æ—Å—Ç–µ–π –ø—Å–µ–≤–¥–æ—Å–ª—É—á–∞–π
                                                  –Ω—ã—Ö —á–∏—Å–µ–ª —Å –∏—Å–...

You may provide a definition with
\DeclareUnicodeCharacter 


! LaTeX Error: Unicode character –Ω (U+043D)
               not set up for use with LaTeX.

See the LaTeX manual or LaTeX Companion for explanation.
Type  H <return>  for immediate help.
 ...                                              
                                                  
l.3 ...–ª—å–Ω–æ—Å—Ç–µ–π –ø—Å–µ–≤–¥–æ—Å–ª—É—á–∞–π–Ω
                                                  —ã—Ö —á–∏—Å–µ–ª —Å –∏—Å–ø–...

You may provide a definition with
\DeclareUnicodeCharacter 


! LaTeX Error: Unicode character —ã (U+044B)
               not set up for use with LaTeX.

See the LaTeX manual or LaTeX Companion for explanation.
Type  H <return>  for immediate help.
 ...                                              
                                                  
l.3 ...—å–Ω–æ—Å—Ç–µ–π –ø—Å–µ–≤–¥–æ—Å–ª—É—á–∞–π–Ω—ã
                                                  —Ö —á–∏—Å–µ–ª —Å –∏—Å–ø–æ–...

You may provide a definition with
\DeclareUnicodeCharacter 


! LaTeX Error: Unicode character —Ö (U+0445)
               not set up for use with LaTeX.

See the LaTeX manual or LaTeX Companion for explanation.
Type  H <return>  for immediate help.
 ...                                              
                                                  
l.3 ...–Ω–æ—Å—Ç–µ–π –ø—Å–µ–≤–¥–æ—Å–ª—É—á–∞–π–Ω—ã—Ö
                                                   —á–∏—Å–µ–ª —Å –∏—Å–ø–æ–ª—...

You may provide a definition with
\DeclareUnicodeCharacter 


! LaTeX Error: Unicode character —á (U+0447)
               not set up for use with LaTeX.

See the LaTeX manual or LaTeX Companion for explanation.
Type  H <return>  for immediate help.
 ...                                              
                                                  
l.3 ...æ—Å—Ç–µ–π –ø—Å–µ–≤–¥–æ—Å–ª—É—á–∞–π–Ω—ã—Ö —á
                                                  –∏—Å–µ–ª —Å –∏—Å–ø–æ–ª—å–∑...

You may provide a definition with
\DeclareUnicodeCharacter 


! LaTeX Error: Unicode character –∏ (U+0438)
               not set up for use with LaTeX.

See the LaTeX manual or LaTeX Companion for explanation.
Type  H <return>  for immediate help.
 ...                                              
                                                  
l.3 ...Å—Ç–µ–π –ø—Å–µ–≤–¥–æ—Å–ª—É—á–∞–π–Ω—ã—Ö —á–∏
                                                  —Å–µ–ª —Å –∏—Å–ø–æ–ª—å–∑–æ...

You may provide a definition with
\DeclareUnicodeCharacter 


! LaTeX Error: Unicode character —Å (U+0441)
               not set up for use with LaTeX.

See the LaTeX manual or LaTeX Companion for explanation.
Type  H <return>  for immediate help.
 ...                                              
                                                  
l.3 ...Ç–µ–π –ø—Å–µ–≤–¥–æ—Å–ª—É—á–∞–π–Ω—ã—Ö —á–∏—Å
                                                  –µ–ª —Å –∏—Å–ø–æ–ª—å–∑–æ–≤...
(That makes 100 errors; please try again.) 
Here is how much of TeX's memory you used:
 46 strings out of 476331
 809 string characters out of 5787766
 1849660 words of memory out of 5000000
 20584 multiletter control sequences out of 15000+600000
 512287 words of font info for 32 fonts, out of 8000000 for 9000
 1141 hyphenation exceptions out of 8191
 13i,0n,12p,479b,22s stack positions out of 10000i,1000n,20000p,200000b,200000s

!  ==> Fatal error occurred, no output PDF file produced!
